[INFO] Scanning for projects...
[INFO] 
[INFO] ---------------< com.risf.salestax:sales-tax-calculator >---------------
[INFO] Building sales-tax-calculator 0.0.1-SNAPSHOT
[INFO]   from pom.xml
[INFO] --------------------------------[ jar ]---------------------------------
[INFO] 
[INFO] >>> spring-boot:3.2.5:run (default-cli) > test-compile @ sales-tax-calculator >>>
[INFO] 
[INFO] --- resources:3.3.1:resources (default-resources) @ sales-tax-calculator ---
[INFO] Copying 1 resource from src/main/resources to target/classes
[INFO] Copying 0 resource from src/main/resources to target/classes
[INFO] 
[INFO] --- compiler:3.11.0:compile (default-compile) @ sales-tax-calculator ---
[INFO] Nothing to compile - all classes are up to date
[INFO] 
[INFO] --- resources:3.3.1:testResources (default-testResources) @ sales-tax-calculator ---
[INFO] skip non existing resourceDirectory /mnt/c/Users/alitl/Downloads/receipt/receipt/src/test/resources
[INFO] 
[INFO] --- compiler:3.11.0:testCompile (default-testCompile) @ sales-tax-calculator ---
[INFO] Nothing to compile - all classes are up to date
[INFO] 
[INFO] <<< spring-boot:3.2.5:run (default-cli) < test-compile @ sales-tax-calculator <<<
[INFO] 
[INFO] 
[INFO] --- spring-boot:3.2.5:run (default-cli) @ sales-tax-calculator ---
[INFO] Attaching agents: []

  .   ____          _            __ _ _
 /\\ / ___'_ __ _ _(_)_ __  __ _ \ \ \ \
( ( )\___ | '_ | '_| | '_ \/ _` | \ \ \ \
 \\/  ___)| |_)| | | | | || (_| |  ) ) ) )
  '  |____| .__|_| |_|_| |_\__, | / / / /
 =========|_|==============|___/=/_/_/_/
 :: Spring Boot ::                (v3.2.5)

2025-06-19 18:57:36 - Starting SalesTaxApplication using Java 17.0.15 with PID 12102 (/mnt/c/Users/alitl/Downloads/receipt/receipt/target/classes started by ali in /mnt/c/Users/alitl/Downloads/receipt/receipt)
2025-06-19 18:57:36 - Running with Spring Boot v3.2.5, Spring v6.1.6
2025-06-19 18:57:36 - No active profile set, falling back to 1 default profile: "default"
2025-06-19 18:57:39 - Tomcat initialized with port 8081 (http)
2025-06-19 18:57:39 - Starting service [Tomcat]
2025-06-19 18:57:39 - Starting Servlet engine: [Apache Tomcat/10.1.20]
2025-06-19 18:57:39 - Initializing Spring embedded WebApplicationContext
2025-06-19 18:57:39 - Root WebApplicationContext: initialization completed in 3146 ms
2025-06-19 18:57:40 - 8 mappings in 'requestMappingHandlerMapping'
2025-06-19 18:57:40 - Patterns [/webjars/**, /**, /swagger-ui*/*swagger-initializer.js, /swagger-ui*/**] in 'resourceHandlerMapping'
2025-06-19 18:57:40 - ControllerAdvice beans: 0 @ModelAttribute, 0 @InitBinder, 1 RequestBodyAdvice, 1 ResponseBodyAdvice
2025-06-19 18:57:40 - ControllerAdvice beans: 2 @ExceptionHandler, 1 ResponseBodyAdvice
2025-06-19 18:57:41 - Tomcat started on port 8081 (http) with context path ''
2025-06-19 18:57:41 - Started SalesTaxApplication in 6.167 seconds (process running for 6.899)
2025-06-19 18:58:15 - Initializing Spring DispatcherServlet 'dispatcherServlet'
2025-06-19 18:58:15 - Initializing Servlet 'dispatcherServlet'
2025-06-19 18:58:15 - Detected StandardServletMultipartResolver
2025-06-19 18:58:15 - Detected AcceptHeaderLocaleResolver
2025-06-19 18:58:15 - Detected FixedThemeResolver
2025-06-19 18:58:15 - Detected org.springframework.web.servlet.view.DefaultRequestToViewNameTranslator@50abc680
2025-06-19 18:58:15 - Detected org.springframework.web.servlet.support.SessionFlashMapManager@c3f2a50
2025-06-19 18:58:15 - enableLoggingRequestDetails='false': request parameters and headers will be masked to prevent unsafe logging of potentially sensitive data
2025-06-19 18:58:15 - Completed initialization in 5 ms
2025-06-19 18:58:15 - GET "/api/v1/sales-tax/health", parameters={}
2025-06-19 18:58:15 - Mapped to com.risf.salestax.infrastructure.web.SalesTaxController#health()
2025-06-19 18:58:15 - Using 'text/plain', given [*/*] and supported [text/plain, */*, application/json, application/*+json]
2025-06-19 18:58:15 - Writing ["Sales Tax Calculator Service is running"]
2025-06-19 18:58:15 - Completed 200 OK
2025-06-19 18:58:16 - GET "/v3/api-docs", parameters={}
2025-06-19 18:58:16 - Mapped to org.springdoc.webmvc.api.OpenApiWebMvcResource#openapiJson(HttpServletRequest, String, Locale)
2025-06-19 18:58:17 - Init duration for springdoc-openapi is: 1033 ms
2025-06-19 18:58:17 - Using 'application/json', given [*/*] and supported [application/json]
2025-06-19 18:58:17 - Writing [{123, 34, 111, 112, 101, 110, 97, 112, 105, 34, 58, 34, 51, 46, 48, 46, 49, 34, 44, 34, 105, 110, 10 (truncated)...]
2025-06-19 18:58:17 - Completed 200 OK
2025-06-19 18:58:21 - GET "/swagger-ui.html", parameters={}
2025-06-19 18:58:21 - Mapped to org.springdoc.webmvc.ui.SwaggerWelcomeWebMvc#redirectToUi(HttpServletRequest)
2025-06-19 18:58:21 - Using 'application/json', given [*/*] and supported [application/json, application/*+json]
2025-06-19 18:58:21 - Nothing to write: null body
2025-06-19 18:58:21 - Completed 302 FOUND
2025-06-19 18:58:48 - POST "/api/v1/sales-tax/calculate", parameters={}
2025-06-19 18:58:48 - Mapped to com.risf.salestax.infrastructure.web.SalesTaxController#calculateSalesTax(CalculateTaxRequest)
2025-06-19 18:58:48 - Read "application/json;charset=UTF-8" to [CalculateTaxRequest(basketItems=[ShoppingBasketItemDto(quantity=1, product=ProductDto(name=imported  (truncated)...]
2025-06-19 18:58:48 - Using 'application/json', given [*/*] and supported [application/json, application/*+json]
2025-06-19 18:58:48 - Writing [ReceiptDto(lineItems=[ReceiptLineItemDto(quantity=1, productName=imported box of chocolates, finalPr (truncated)...]
2025-06-19 18:58:48 - Completed 200 OK
